[2017-03-02 21:44:44] local.ERROR: exception 'ReflectionException' with message 'Class App\Http\Controllers\Director\rolController does not exist' in /home/brojas/labytall/vendor/laravel/framework/src/Illuminate/Container/Container.php:734
Stack trace:
#0 /home/brojas/labytall/vendor/laravel/framework/src/Illuminate/Container/Container.php(734): ReflectionClass->__construct('App\Http\Contro...')
#1 /home/brojas/labytall/vendor/laravel/framework/src/Illuminate/Container/Container.php(629): Illuminate\Container\Container->build('App\Http\Contro...', Array)
#2 /home/brojas/labytall/vendor/laravel/framework/src/Illuminate/Foundation/Application.php(697): Illuminate\Container\Container->make('App\Http\Contro...', Array)
#3 /home/brojas/labytall/vendor/laravel/framework/src/Illuminate/Foundation/Console/RouteListCommand.php(165): Illuminate\Foundation\Application->make('App\Http\Contro...')
#4 /home/brojas/labytall/vendor/laravel/framework/src/Illuminate/Foundation/Console/RouteListCommand.php(146): Illuminate\Foundation\Console\RouteListCommand->getControllerMiddleware('App\Http\Contro...')
#5 /home/brojas/labytall/vendor/laravel/framework/src/Illuminate/Foundation/Console/RouteListCommand.php(118): Illuminate\Foundation\Console\RouteListCommand->getMiddleware(Object(Illuminate\Routing\Route))
#6 /home/brojas/labytall/vendor/laravel/framework/src/Illuminate/Foundation/Console/RouteListCommand.php(88): Illuminate\Foundation\Console\RouteListCommand->getRouteInformation(Object(Illuminate\Routing\Route))
#7 /home/brojas/labytall/vendor/laravel/framework/src/Illuminate/Foundation/Console/RouteListCommand.php(75): Illuminate\Foundation\Console\RouteListCommand->getRoutes()
#8 [internal function]: Illuminate\Foundation\Console\RouteListCommand->fire()
#9 /home/brojas/labytall/vendor/laravel/framework/src/Illuminate/Container/Container.php(507): call_user_func_array(Array, Array)
#10 /home/brojas/labytall/vendor/laravel/framework/src/Illuminate/Console/Command.php(169): Illuminate\Container\Container->call(Array)
#11 /home/brojas/labytall/vendor/symfony/console/Command/Command.php(256): Illuminate\Console\Command->execute(Object(Symfony\Component\Console\Input\ArgvInput), Object(Symfony\Component\Console\Output\ConsoleOutput))
#12 /home/brojas/labytall/vendor/laravel/framework/src/Illuminate/Console/Command.php(155): Symfony\Component\Console\Command\Command->run(Object(Symfony\Component\Console\Input\ArgvInput), Object(Symfony\Component\Console\Output\ConsoleOutput))
#13 /home/brojas/labytall/vendor/symfony/console/Application.php(794): Illuminate\Console\Command->run(Object(Symfony\Component\Console\Input\ArgvInput), Object(Symfony\Component\Console\Output\ConsoleOutput))
#14 /home/brojas/labytall/vendor/symfony/console/Application.php(186): Symfony\Component\Console\Application->doRunCommand(Object(Illuminate\Foundation\Console\RouteListCommand), Object(Symfony\Component\Console\Input\ArgvInput), Object(Symfony\Component\Console\Output\ConsoleOutput))
#15 /home/brojas/labytall/vendor/symfony/console/Application.php(117): Symfony\Component\Console\Application->doRun(Object(Symfony\Component\Console\Input\ArgvInput), Object(Symfony\Component\Console\Output\ConsoleOutput))
#16 /home/brojas/labytall/vendor/laravel/framework/src/Illuminate/Foundation/Console/Kernel.php(107): Symfony\Component\Console\Application->run(Object(Symfony\Component\Console\Input\ArgvInput), Object(Symfony\Component\Console\Output\ConsoleOutput))
#17 /home/brojas/labytall/artisan(36): Illuminate\Foundation\Console\Kernel->handle(Object(Symfony\Component\Console\Input\ArgvInput), Object(Symfony\Component\Console\Output\ConsoleOutput))
#18 {main}  
[2017-03-02 21:46:59] local.ERROR: exception 'ReflectionException' with message 'Class App\Http\Controllers\Director\rolController does not exist' in /home/brojas/labytall/vendor/laravel/framework/src/Illuminate/Container/Container.php:734
Stack trace:
#0 /home/brojas/labytall/vendor/laravel/framework/src/Illuminate/Container/Container.php(734): ReflectionClass->__construct('App\Http\Contro...')
#1 /home/brojas/labytall/vendor/laravel/framework/src/Illuminate/Container/Container.php(629): Illuminate\Container\Container->build('App\Http\Contro...', Array)
#2 /home/brojas/labytall/vendor/laravel/framework/src/Illuminate/Foundation/Application.php(697): Illuminate\Container\Container->make('App\Http\Contro...', Array)
#3 /home/brojas/labytall/vendor/laravel/framework/src/Illuminate/Foundation/Console/RouteListCommand.php(165): Illuminate\Foundation\Application->make('App\Http\Contro...')
#4 /home/brojas/labytall/vendor/laravel/framework/src/Illuminate/Foundation/Console/RouteListCommand.php(146): Illuminate\Foundation\Console\RouteListCommand->getControllerMiddleware('App\Http\Contro...')
#5 /home/brojas/labytall/vendor/laravel/framework/src/Illuminate/Foundation/Console/RouteListCommand.php(118): Illuminate\Foundation\Console\RouteListCommand->getMiddleware(Object(Illuminate\Routing\Route))
#6 /home/brojas/labytall/vendor/laravel/framework/src/Illuminate/Foundation/Console/RouteListCommand.php(88): Illuminate\Foundation\Console\RouteListCommand->getRouteInformation(Object(Illuminate\Routing\Route))
#7 /home/brojas/labytall/vendor/laravel/framework/src/Illuminate/Foundation/Console/RouteListCommand.php(75): Illuminate\Foundation\Console\RouteListCommand->getRoutes()
#8 [internal function]: Illuminate\Foundation\Console\RouteListCommand->fire()
#9 /home/brojas/labytall/vendor/laravel/framework/src/Illuminate/Container/Container.php(507): call_user_func_array(Array, Array)
#10 /home/brojas/labytall/vendor/laravel/framework/src/Illuminate/Console/Command.php(169): Illuminate\Container\Container->call(Array)
#11 /home/brojas/labytall/vendor/symfony/console/Command/Command.php(256): Illuminate\Console\Command->execute(Object(Symfony\Component\Console\Input\ArgvInput), Object(Symfony\Component\Console\Output\ConsoleOutput))
#12 /home/brojas/labytall/vendor/laravel/framework/src/Illuminate/Console/Command.php(155): Symfony\Component\Console\Command\Command->run(Object(Symfony\Component\Console\Input\ArgvInput), Object(Symfony\Component\Console\Output\ConsoleOutput))
#13 /home/brojas/labytall/vendor/symfony/console/Application.php(794): Illuminate\Console\Command->run(Object(Symfony\Component\Console\Input\ArgvInput), Object(Symfony\Component\Console\Output\ConsoleOutput))
#14 /home/brojas/labytall/vendor/symfony/console/Application.php(186): Symfony\Component\Console\Application->doRunCommand(Object(Illuminate\Foundation\Console\RouteListCommand), Object(Symfony\Component\Console\Input\ArgvInput), Object(Symfony\Component\Console\Output\ConsoleOutput))
#15 /home/brojas/labytall/vendor/symfony/console/Application.php(117): Symfony\Component\Console\Application->doRun(Object(Symfony\Component\Console\Input\ArgvInput), Object(Symfony\Component\Console\Output\ConsoleOutput))
#16 /home/brojas/labytall/vendor/laravel/framework/src/Illuminate/Foundation/Console/Kernel.php(107): Symfony\Component\Console\Application->run(Object(Symfony\Component\Console\Input\ArgvInput), Object(Symfony\Component\Console\Output\ConsoleOutput))
#17 /home/brojas/labytall/artisan(36): Illuminate\Foundation\Console\Kernel->handle(Object(Symfony\Component\Console\Input\ArgvInput), Object(Symfony\Component\Console\Output\ConsoleOutput))
#18 {main}  
[2017-03-02 21:47:24] local.INFO: Auth: Login exitoso (18454895k)  
[2017-03-02 21:47:25] local.DEBUG: Auth: Logeando usuario id "1"  
[2017-03-02 21:47:30] local.DEBUG: Auth: Logeando usuario id "1"  
[2017-03-02 21:48:20] local.ERROR: exception 'Symfony\Component\Debug\Exception\FatalErrorException' with message 'syntax error, unexpected ''tipo_reserva'' (T_CONSTANT_ENCAPSED_STRING), expecting ']'' in /home/brojas/labytall/app/Http/Controllers/Director/asignarController.php:784
Stack trace:
#0 {main}  
[2017-03-02 21:51:33] local.ERROR: exception 'Symfony\Component\Debug\Exception\FatalErrorException' with message 'Cannot use App\Http\Controllers\Controller as Controller because the name is already in use' in /home/brojas/labytall/app/Http/Controllers/Director/reportesController.php:8
Stack trace:
#0 {main}  
[2017-03-02 21:51:46] local.ERROR: exception 'Symfony\Component\Debug\Exception\FatalErrorException' with message 'Cannot use App\Http\Controllers\Controller as Controller because the name is already in use' in /home/brojas/labytall/app/Http/Controllers/Director/reportesController.php:8
Stack trace:
#0 {main}  
[2017-03-02 21:52:39] local.ERROR: exception 'ReflectionException' with message 'Class App\Http\Controllers\Funcionario\usuarioController does not exist' in /home/brojas/labytall/vendor/laravel/framework/src/Illuminate/Container/Container.php:734
Stack trace:
#0 /home/brojas/labytall/vendor/laravel/framework/src/Illuminate/Container/Container.php(734): ReflectionClass->__construct('App\Http\Contro...')
#1 /home/brojas/labytall/vendor/laravel/framework/src/Illuminate/Container/Container.php(629): Illuminate\Container\Container->build('App\Http\Contro...', Array)
#2 /home/brojas/labytall/vendor/laravel/framework/src/Illuminate/Foundation/Application.php(697): Illuminate\Container\Container->make('App\Http\Contro...', Array)
#3 /home/brojas/labytall/vendor/laravel/framework/src/Illuminate/Foundation/Console/RouteListCommand.php(165): Illuminate\Foundation\Application->make('App\Http\Contro...')
#4 /home/brojas/labytall/vendor/laravel/framework/src/Illuminate/Foundation/Console/RouteListCommand.php(146): Illuminate\Foundation\Console\RouteListCommand->getControllerMiddleware('App\Http\Contro...')
#5 /home/brojas/labytall/vendor/laravel/framework/src/Illuminate/Foundation/Console/RouteListCommand.php(118): Illuminate\Foundation\Console\RouteListCommand->getMiddleware(Object(Illuminate\Routing\Route))
#6 /home/brojas/labytall/vendor/laravel/framework/src/Illuminate/Foundation/Console/RouteListCommand.php(88): Illuminate\Foundation\Console\RouteListCommand->getRouteInformation(Object(Illuminate\Routing\Route))
#7 /home/brojas/labytall/vendor/laravel/framework/src/Illuminate/Foundation/Console/RouteListCommand.php(75): Illuminate\Foundation\Console\RouteListCommand->getRoutes()
#8 [internal function]: Illuminate\Foundation\Console\RouteListCommand->fire()
#9 /home/brojas/labytall/vendor/laravel/framework/src/Illuminate/Container/Container.php(507): call_user_func_array(Array, Array)
#10 /home/brojas/labytall/vendor/laravel/framework/src/Illuminate/Console/Command.php(169): Illuminate\Container\Container->call(Array)
#11 /home/brojas/labytall/vendor/symfony/console/Command/Command.php(256): Illuminate\Console\Command->execute(Object(Symfony\Component\Console\Input\ArgvInput), Object(Symfony\Component\Console\Output\ConsoleOutput))
#12 /home/brojas/labytall/vendor/laravel/framework/src/Illuminate/Console/Command.php(155): Symfony\Component\Console\Command\Command->run(Object(Symfony\Component\Console\Input\ArgvInput), Object(Symfony\Component\Console\Output\ConsoleOutput))
#13 /home/brojas/labytall/vendor/symfony/console/Application.php(794): Illuminate\Console\Command->run(Object(Symfony\Component\Console\Input\ArgvInput), Object(Symfony\Component\Console\Output\ConsoleOutput))
#14 /home/brojas/labytall/vendor/symfony/console/Application.php(186): Symfony\Component\Console\Application->doRunCommand(Object(Illuminate\Foundation\Console\RouteListCommand), Object(Symfony\Component\Console\Input\ArgvInput), Object(Symfony\Component\Console\Output\ConsoleOutput))
#15 /home/brojas/labytall/vendor/symfony/console/Application.php(117): Symfony\Component\Console\Application->doRun(Object(Symfony\Component\Console\Input\ArgvInput), Object(Symfony\Component\Console\Output\ConsoleOutput))
#16 /home/brojas/labytall/vendor/laravel/framework/src/Illuminate/Foundation/Console/Kernel.php(107): Symfony\Component\Console\Application->run(Object(Symfony\Component\Console\Input\ArgvInput), Object(Symfony\Component\Console\Output\ConsoleOutput))
#17 /home/brojas/labytall/artisan(36): Illuminate\Foundation\Console\Kernel->handle(Object(Symfony\Component\Console\Input\ArgvInput), Object(Symfony\Component\Console\Output\ConsoleOutput))
#18 {main}  
[2017-03-02 21:53:33] local.ERROR: exception 'ReflectionException' with message 'Class App\Http\Controllers\Funcionario\usuarioController does not exist' in /home/brojas/labytall/vendor/laravel/framework/src/Illuminate/Container/Container.php:734
Stack trace:
#0 /home/brojas/labytall/vendor/laravel/framework/src/Illuminate/Container/Container.php(734): ReflectionClass->__construct('App\Http\Contro...')
#1 /home/brojas/labytall/vendor/laravel/framework/src/Illuminate/Container/Container.php(629): Illuminate\Container\Container->build('App\Http\Contro...', Array)
#2 /home/brojas/labytall/vendor/laravel/framework/src/Illuminate/Foundation/Application.php(697): Illuminate\Container\Container->make('App\Http\Contro...', Array)
#3 /home/brojas/labytall/vendor/laravel/framework/src/Illuminate/Foundation/Console/RouteListCommand.php(165): Illuminate\Foundation\Application->make('App\Http\Contro...')
#4 /home/brojas/labytall/vendor/laravel/framework/src/Illuminate/Foundation/Console/RouteListCommand.php(146): Illuminate\Foundation\Console\RouteListCommand->getControllerMiddleware('App\Http\Contro...')
#5 /home/brojas/labytall/vendor/laravel/framework/src/Illuminate/Foundation/Console/RouteListCommand.php(118): Illuminate\Foundation\Console\RouteListCommand->getMiddleware(Object(Illuminate\Routing\Route))
#6 /home/brojas/labytall/vendor/laravel/framework/src/Illuminate/Foundation/Console/RouteListCommand.php(88): Illuminate\Foundation\Console\RouteListCommand->getRouteInformation(Object(Illuminate\Routing\Route))
#7 /home/brojas/labytall/vendor/laravel/framework/src/Illuminate/Foundation/Console/RouteListCommand.php(75): Illuminate\Foundation\Console\RouteListCommand->getRoutes()
#8 [internal function]: Illuminate\Foundation\Console\RouteListCommand->fire()
#9 /home/brojas/labytall/vendor/laravel/framework/src/Illuminate/Container/Container.php(507): call_user_func_array(Array, Array)
#10 /home/brojas/labytall/vendor/laravel/framework/src/Illuminate/Console/Command.php(169): Illuminate\Container\Container->call(Array)
#11 /home/brojas/labytall/vendor/symfony/console/Command/Command.php(256): Illuminate\Console\Command->execute(Object(Symfony\Component\Console\Input\ArgvInput), Object(Symfony\Component\Console\Output\ConsoleOutput))
#12 /home/brojas/labytall/vendor/laravel/framework/src/Illuminate/Console/Command.php(155): Symfony\Component\Console\Command\Command->run(Object(Symfony\Component\Console\Input\ArgvInput), Object(Symfony\Component\Console\Output\ConsoleOutput))
#13 /home/brojas/labytall/vendor/symfony/console/Application.php(794): Illuminate\Console\Command->run(Object(Symfony\Component\Console\Input\ArgvInput), Object(Symfony\Component\Console\Output\ConsoleOutput))
#14 /home/brojas/labytall/vendor/symfony/console/Application.php(186): Symfony\Component\Console\Application->doRunCommand(Object(Illuminate\Foundation\Console\RouteListCommand), Object(Symfony\Component\Console\Input\ArgvInput), Object(Symfony\Component\Console\Output\ConsoleOutput))
#15 /home/brojas/labytall/vendor/symfony/console/Application.php(117): Symfony\Component\Console\Application->doRun(Object(Symfony\Component\Console\Input\ArgvInput), Object(Symfony\Component\Console\Output\ConsoleOutput))
#16 /home/brojas/labytall/vendor/laravel/framework/src/Illuminate/Foundation/Console/Kernel.php(107): Symfony\Component\Console\Application->run(Object(Symfony\Component\Console\Input\ArgvInput), Object(Symfony\Component\Console\Output\ConsoleOutput))
#17 /home/brojas/labytall/artisan(36): Illuminate\Foundation\Console\Kernel->handle(Object(Symfony\Component\Console\Input\ArgvInput), Object(Symfony\Component\Console\Output\ConsoleOutput))
#18 {main}  
[2017-03-02 21:53:39] local.ERROR: exception 'ReflectionException' with message 'Class App\Http\Controllers\Funcionario\usuarioController does not exist' in /home/brojas/labytall/vendor/laravel/framework/src/Illuminate/Container/Container.php:734
Stack trace:
#0 /home/brojas/labytall/vendor/laravel/framework/src/Illuminate/Container/Container.php(734): ReflectionClass->__construct('App\Http\Contro...')
#1 /home/brojas/labytall/vendor/laravel/framework/src/Illuminate/Container/Container.php(629): Illuminate\Container\Container->build('App\Http\Contro...', Array)
#2 /home/brojas/labytall/vendor/laravel/framework/src/Illuminate/Foundation/Application.php(697): Illuminate\Container\Container->make('App\Http\Contro...', Array)
#3 /home/brojas/labytall/vendor/laravel/framework/src/Illuminate/Foundation/Console/RouteListCommand.php(165): Illuminate\Foundation\Application->make('App\Http\Contro...')
#4 /home/brojas/labytall/vendor/laravel/framework/src/Illuminate/Foundation/Console/RouteListCommand.php(146): Illuminate\Foundation\Console\RouteListCommand->getControllerMiddleware('App\Http\Contro...')
#5 /home/brojas/labytall/vendor/laravel/framework/src/Illuminate/Foundation/Console/RouteListCommand.php(118): Illuminate\Foundation\Console\RouteListCommand->getMiddleware(Object(Illuminate\Routing\Route))
#6 /home/brojas/labytall/vendor/laravel/framework/src/Illuminate/Foundation/Console/RouteListCommand.php(88): Illuminate\Foundation\Console\RouteListCommand->getRouteInformation(Object(Illuminate\Routing\Route))
#7 /home/brojas/labytall/vendor/laravel/framework/src/Illuminate/Foundation/Console/RouteListCommand.php(75): Illuminate\Foundation\Console\RouteListCommand->getRoutes()
#8 [internal function]: Illuminate\Foundation\Console\RouteListCommand->fire()
#9 /home/brojas/labytall/vendor/laravel/framework/src/Illuminate/Container/Container.php(507): call_user_func_array(Array, Array)
#10 /home/brojas/labytall/vendor/laravel/framework/src/Illuminate/Console/Command.php(169): Illuminate\Container\Container->call(Array)
#11 /home/brojas/labytall/vendor/symfony/console/Command/Command.php(256): Illuminate\Console\Command->execute(Object(Symfony\Component\Console\Input\ArgvInput), Object(Symfony\Component\Console\Output\ConsoleOutput))
#12 /home/brojas/labytall/vendor/laravel/framework/src/Illuminate/Console/Command.php(155): Symfony\Component\Console\Command\Command->run(Object(Symfony\Component\Console\Input\ArgvInput), Object(Symfony\Component\Console\Output\ConsoleOutput))
#13 /home/brojas/labytall/vendor/symfony/console/Application.php(794): Illuminate\Console\Command->run(Object(Symfony\Component\Console\Input\ArgvInput), Object(Symfony\Component\Console\Output\ConsoleOutput))
#14 /home/brojas/labytall/vendor/symfony/console/Application.php(186): Symfony\Component\Console\Application->doRunCommand(Object(Illuminate\Foundation\Console\RouteListCommand), Object(Symfony\Component\Console\Input\ArgvInput), Object(Symfony\Component\Console\Output\ConsoleOutput))
#15 /home/brojas/labytall/vendor/symfony/console/Application.php(117): Symfony\Component\Console\Application->doRun(Object(Symfony\Component\Console\Input\ArgvInput), Object(Symfony\Component\Console\Output\ConsoleOutput))
#16 /home/brojas/labytall/vendor/laravel/framework/src/Illuminate/Foundation/Console/Kernel.php(107): Symfony\Component\Console\Application->run(Object(Symfony\Component\Console\Input\ArgvInput), Object(Symfony\Component\Console\Output\ConsoleOutput))
#17 /home/brojas/labytall/artisan(36): Illuminate\Foundation\Console\Kernel->handle(Object(Symfony\Component\Console\Input\ArgvInput), Object(Symfony\Component\Console\Output\ConsoleOutput))
#18 {main}  
[2017-03-02 21:54:07] local.ERROR: exception 'ReflectionException' with message 'Class App\Http\Controllers\Funcionario\usuarioController does not exist' in /home/brojas/labytall/vendor/laravel/framework/src/Illuminate/Container/Container.php:734
Stack trace:
#0 /home/brojas/labytall/vendor/laravel/framework/src/Illuminate/Container/Container.php(734): ReflectionClass->__construct('App\Http\Contro...')
#1 /home/brojas/labytall/vendor/laravel/framework/src/Illuminate/Container/Container.php(629): Illuminate\Container\Container->build('App\Http\Contro...', Array)
#2 /home/brojas/labytall/vendor/laravel/framework/src/Illuminate/Foundation/Application.php(697): Illuminate\Container\Container->make('App\Http\Contro...', Array)
#3 /home/brojas/labytall/vendor/laravel/framework/src/Illuminate/Foundation/Console/RouteListCommand.php(165): Illuminate\Foundation\Application->make('App\Http\Contro...')
#4 /home/brojas/labytall/vendor/laravel/framework/src/Illuminate/Foundation/Console/RouteListCommand.php(146): Illuminate\Foundation\Console\RouteListCommand->getControllerMiddleware('App\Http\Contro...')
#5 /home/brojas/labytall/vendor/laravel/framework/src/Illuminate/Foundation/Console/RouteListCommand.php(118): Illuminate\Foundation\Console\RouteListCommand->getMiddleware(Object(Illuminate\Routing\Route))
#6 /home/brojas/labytall/vendor/laravel/framework/src/Illuminate/Foundation/Console/RouteListCommand.php(88): Illuminate\Foundation\Console\RouteListCommand->getRouteInformation(Object(Illuminate\Routing\Route))
#7 /home/brojas/labytall/vendor/laravel/framework/src/Illuminate/Foundation/Console/RouteListCommand.php(75): Illuminate\Foundation\Console\RouteListCommand->getRoutes()
#8 [internal function]: Illuminate\Foundation\Console\RouteListCommand->fire()
#9 /home/brojas/labytall/vendor/laravel/framework/src/Illuminate/Container/Container.php(507): call_user_func_array(Array, Array)
#10 /home/brojas/labytall/vendor/laravel/framework/src/Illuminate/Console/Command.php(169): Illuminate\Container\Container->call(Array)
#11 /home/brojas/labytall/vendor/symfony/console/Command/Command.php(256): Illuminate\Console\Command->execute(Object(Symfony\Component\Console\Input\ArgvInput), Object(Symfony\Component\Console\Output\ConsoleOutput))
#12 /home/brojas/labytall/vendor/laravel/framework/src/Illuminate/Console/Command.php(155): Symfony\Component\Console\Command\Command->run(Object(Symfony\Component\Console\Input\ArgvInput), Object(Symfony\Component\Console\Output\ConsoleOutput))
#13 /home/brojas/labytall/vendor/symfony/console/Application.php(794): Illuminate\Console\Command->run(Object(Symfony\Component\Console\Input\ArgvInput), Object(Symfony\Component\Console\Output\ConsoleOutput))
#14 /home/brojas/labytall/vendor/symfony/console/Application.php(186): Symfony\Component\Console\Application->doRunCommand(Object(Illuminate\Foundation\Console\RouteListCommand), Object(Symfony\Component\Console\Input\ArgvInput), Object(Symfony\Component\Console\Output\ConsoleOutput))
#15 /home/brojas/labytall/vendor/symfony/console/Application.php(117): Symfony\Component\Console\Application->doRun(Object(Symfony\Component\Console\Input\ArgvInput), Object(Symfony\Component\Console\Output\ConsoleOutput))
#16 /home/brojas/labytall/vendor/laravel/framework/src/Illuminate/Foundation/Console/Kernel.php(107): Symfony\Component\Console\Application->run(Object(Symfony\Component\Console\Input\ArgvInput), Object(Symfony\Component\Console\Output\ConsoleOutput))
#17 /home/brojas/labytall/artisan(36): Illuminate\Foundation\Console\Kernel->handle(Object(Symfony\Component\Console\Input\ArgvInput), Object(Symfony\Component\Console\Output\ConsoleOutput))
#18 {main}  
[2017-03-02 21:54:25] local.ERROR: exception 'ReflectionException' with message 'Class App\Http\Controllers\Funcionario\carreraController does not exist' in /home/brojas/labytall/vendor/laravel/framework/src/Illuminate/Container/Container.php:734
Stack trace:
#0 /home/brojas/labytall/vendor/laravel/framework/src/Illuminate/Container/Container.php(734): ReflectionClass->__construct('App\Http\Contro...')
#1 /home/brojas/labytall/vendor/laravel/framework/src/Illuminate/Container/Container.php(629): Illuminate\Container\Container->build('App\Http\Contro...', Array)
#2 /home/brojas/labytall/vendor/laravel/framework/src/Illuminate/Foundation/Application.php(697): Illuminate\Container\Container->make('App\Http\Contro...', Array)
#3 /home/brojas/labytall/vendor/laravel/framework/src/Illuminate/Foundation/Console/RouteListCommand.php(165): Illuminate\Foundation\Application->make('App\Http\Contro...')
#4 /home/brojas/labytall/vendor/laravel/framework/src/Illuminate/Foundation/Console/RouteListCommand.php(146): Illuminate\Foundation\Console\RouteListCommand->getControllerMiddleware('App\Http\Contro...')
#5 /home/brojas/labytall/vendor/laravel/framework/src/Illuminate/Foundation/Console/RouteListCommand.php(118): Illuminate\Foundation\Console\RouteListCommand->getMiddleware(Object(Illuminate\Routing\Route))
#6 /home/brojas/labytall/vendor/laravel/framework/src/Illuminate/Foundation/Console/RouteListCommand.php(88): Illuminate\Foundation\Console\RouteListCommand->getRouteInformation(Object(Illuminate\Routing\Route))
#7 /home/brojas/labytall/vendor/laravel/framework/src/Illuminate/Foundation/Console/RouteListCommand.php(75): Illuminate\Foundation\Console\RouteListCommand->getRoutes()
#8 [internal function]: Illuminate\Foundation\Console\RouteListCommand->fire()
#9 /home/brojas/labytall/vendor/laravel/framework/src/Illuminate/Container/Container.php(507): call_user_func_array(Array, Array)
#10 /home/brojas/labytall/vendor/laravel/framework/src/Illuminate/Console/Command.php(169): Illuminate\Container\Container->call(Array)
#11 /home/brojas/labytall/vendor/symfony/console/Command/Command.php(256): Illuminate\Console\Command->execute(Object(Symfony\Component\Console\Input\ArgvInput), Object(Symfony\Component\Console\Output\ConsoleOutput))
#12 /home/brojas/labytall/vendor/laravel/framework/src/Illuminate/Console/Command.php(155): Symfony\Component\Console\Command\Command->run(Object(Symfony\Component\Console\Input\ArgvInput), Object(Symfony\Component\Console\Output\ConsoleOutput))
#13 /home/brojas/labytall/vendor/symfony/console/Application.php(794): Illuminate\Console\Command->run(Object(Symfony\Component\Console\Input\ArgvInput), Object(Symfony\Component\Console\Output\ConsoleOutput))
#14 /home/brojas/labytall/vendor/symfony/console/Application.php(186): Symfony\Component\Console\Application->doRunCommand(Object(Illuminate\Foundation\Console\RouteListCommand), Object(Symfony\Component\Console\Input\ArgvInput), Object(Symfony\Component\Console\Output\ConsoleOutput))
#15 /home/brojas/labytall/vendor/symfony/console/Application.php(117): Symfony\Component\Console\Application->doRun(Object(Symfony\Component\Console\Input\ArgvInput), Object(Symfony\Component\Console\Output\ConsoleOutput))
#16 /home/brojas/labytall/vendor/laravel/framework/src/Illuminate/Foundation/Console/Kernel.php(107): Symfony\Component\Console\Application->run(Object(Symfony\Component\Console\Input\ArgvInput), Object(Symfony\Component\Console\Output\ConsoleOutput))
#17 /home/brojas/labytall/artisan(36): Illuminate\Foundation\Console\Kernel->handle(Object(Symfony\Component\Console\Input\ArgvInput), Object(Symfony\Component\Console\Output\ConsoleOutput))
#18 {main}  
[2017-03-02 21:54:40] local.ERROR: exception 'ReflectionException' with message 'Class App\Http\Controllers\Funcionario\carreraController does not exist' in /home/brojas/labytall/vendor/laravel/framework/src/Illuminate/Container/Container.php:734
Stack trace:
#0 /home/brojas/labytall/vendor/laravel/framework/src/Illuminate/Container/Container.php(734): ReflectionClass->__construct('App\Http\Contro...')
#1 /home/brojas/labytall/vendor/laravel/framework/src/Illuminate/Container/Container.php(629): Illuminate\Container\Container->build('App\Http\Contro...', Array)
#2 /home/brojas/labytall/vendor/laravel/framework/src/Illuminate/Foundation/Application.php(697): Illuminate\Container\Container->make('App\Http\Contro...', Array)
#3 /home/brojas/labytall/vendor/laravel/framework/src/Illuminate/Foundation/Console/RouteListCommand.php(165): Illuminate\Foundation\Application->make('App\Http\Contro...')
#4 /home/brojas/labytall/vendor/laravel/framework/src/Illuminate/Foundation/Console/RouteListCommand.php(146): Illuminate\Foundation\Console\RouteListCommand->getControllerMiddleware('App\Http\Contro...')
#5 /home/brojas/labytall/vendor/laravel/framework/src/Illuminate/Foundation/Console/RouteListCommand.php(118): Illuminate\Foundation\Console\RouteListCommand->getMiddleware(Object(Illuminate\Routing\Route))
#6 /home/brojas/labytall/vendor/laravel/framework/src/Illuminate/Foundation/Console/RouteListCommand.php(88): Illuminate\Foundation\Console\RouteListCommand->getRouteInformation(Object(Illuminate\Routing\Route))
#7 /home/brojas/labytall/vendor/laravel/framework/src/Illuminate/Foundation/Console/RouteListCommand.php(75): Illuminate\Foundation\Console\RouteListCommand->getRoutes()
#8 [internal function]: Illuminate\Foundation\Console\RouteListCommand->fire()
#9 /home/brojas/labytall/vendor/laravel/framework/src/Illuminate/Container/Container.php(507): call_user_func_array(Array, Array)
#10 /home/brojas/labytall/vendor/laravel/framework/src/Illuminate/Console/Command.php(169): Illuminate\Container\Container->call(Array)
#11 /home/brojas/labytall/vendor/symfony/console/Command/Command.php(256): Illuminate\Console\Command->execute(Object(Symfony\Component\Console\Input\ArgvInput), Object(Symfony\Component\Console\Output\ConsoleOutput))
#12 /home/brojas/labytall/vendor/laravel/framework/src/Illuminate/Console/Command.php(155): Symfony\Component\Console\Command\Command->run(Object(Symfony\Component\Console\Input\ArgvInput), Object(Symfony\Component\Console\Output\ConsoleOutput))
#13 /home/brojas/labytall/vendor/symfony/console/Application.php(794): Illuminate\Console\Command->run(Object(Symfony\Component\Console\Input\ArgvInput), Object(Symfony\Component\Console\Output\ConsoleOutput))
#14 /home/brojas/labytall/vendor/symfony/console/Application.php(186): Symfony\Component\Console\Application->doRunCommand(Object(Illuminate\Foundation\Console\RouteListCommand), Object(Symfony\Component\Console\Input\ArgvInput), Object(Symfony\Component\Console\Output\ConsoleOutput))
#15 /home/brojas/labytall/vendor/symfony/console/Application.php(117): Symfony\Component\Console\Application->doRun(Object(Symfony\Component\Console\Input\ArgvInput), Object(Symfony\Component\Console\Output\ConsoleOutput))
#16 /home/brojas/labytall/vendor/laravel/framework/src/Illuminate/Foundation/Console/Kernel.php(107): Symfony\Component\Console\Application->run(Object(Symfony\Component\Console\Input\ArgvInput), Object(Symfony\Component\Console\Output\ConsoleOutput))
#17 /home/brojas/labytall/artisan(36): Illuminate\Foundation\Console\Kernel->handle(Object(Symfony\Component\Console\Input\ArgvInput), Object(Symfony\Component\Console\Output\ConsoleOutput))
#18 {main}  
[2017-03-02 21:55:11] local.ERROR: exception 'ReflectionException' with message 'Class App\Http\Controllers\Docente\salaController does not exist' in /home/brojas/labytall/vendor/laravel/framework/src/Illuminate/Container/Container.php:734
Stack trace:
#0 /home/brojas/labytall/vendor/laravel/framework/src/Illuminate/Container/Container.php(734): ReflectionClass->__construct('App\Http\Contro...')
#1 /home/brojas/labytall/vendor/laravel/framework/src/Illuminate/Container/Container.php(629): Illuminate\Container\Container->build('App\Http\Contro...', Array)
#2 /home/brojas/labytall/vendor/laravel/framework/src/Illuminate/Foundation/Application.php(697): Illuminate\Container\Container->make('App\Http\Contro...', Array)
#3 /home/brojas/labytall/vendor/laravel/framework/src/Illuminate/Foundation/Console/RouteListCommand.php(165): Illuminate\Foundation\Application->make('App\Http\Contro...')
#4 /home/brojas/labytall/vendor/laravel/framework/src/Illuminate/Foundation/Console/RouteListCommand.php(146): Illuminate\Foundation\Console\RouteListCommand->getControllerMiddleware('App\Http\Contro...')
#5 /home/brojas/labytall/vendor/laravel/framework/src/Illuminate/Foundation/Console/RouteListCommand.php(118): Illuminate\Foundation\Console\RouteListCommand->getMiddleware(Object(Illuminate\Routing\Route))
#6 /home/brojas/labytall/vendor/laravel/framework/src/Illuminate/Foundation/Console/RouteListCommand.php(88): Illuminate\Foundation\Console\RouteListCommand->getRouteInformation(Object(Illuminate\Routing\Route))
#7 /home/brojas/labytall/vendor/laravel/framework/src/Illuminate/Foundation/Console/RouteListCommand.php(75): Illuminate\Foundation\Console\RouteListCommand->getRoutes()
#8 [internal function]: Illuminate\Foundation\Console\RouteListCommand->fire()
#9 /home/brojas/labytall/vendor/laravel/framework/src/Illuminate/Container/Container.php(507): call_user_func_array(Array, Array)
#10 /home/brojas/labytall/vendor/laravel/framework/src/Illuminate/Console/Command.php(169): Illuminate\Container\Container->call(Array)
#11 /home/brojas/labytall/vendor/symfony/console/Command/Command.php(256): Illuminate\Console\Command->execute(Object(Symfony\Component\Console\Input\ArgvInput), Object(Symfony\Component\Console\Output\ConsoleOutput))
#12 /home/brojas/labytall/vendor/laravel/framework/src/Illuminate/Console/Command.php(155): Symfony\Component\Console\Command\Command->run(Object(Symfony\Component\Console\Input\ArgvInput), Object(Symfony\Component\Console\Output\ConsoleOutput))
#13 /home/brojas/labytall/vendor/symfony/console/Application.php(794): Illuminate\Console\Command->run(Object(Symfony\Component\Console\Input\ArgvInput), Object(Symfony\Component\Console\Output\ConsoleOutput))
#14 /home/brojas/labytall/vendor/symfony/console/Application.php(186): Symfony\Component\Console\Application->doRunCommand(Object(Illuminate\Foundation\Console\RouteListCommand), Object(Symfony\Component\Console\Input\ArgvInput), Object(Symfony\Component\Console\Output\ConsoleOutput))
#15 /home/brojas/labytall/vendor/symfony/console/Application.php(117): Symfony\Component\Console\Application->doRun(Object(Symfony\Component\Console\Input\ArgvInput), Object(Symfony\Component\Console\Output\ConsoleOutput))
#16 /home/brojas/labytall/vendor/laravel/framework/src/Illuminate/Foundation/Console/Kernel.php(107): Symfony\Component\Console\Application->run(Object(Symfony\Component\Console\Input\ArgvInput), Object(Symfony\Component\Console\Output\ConsoleOutput))
#17 /home/brojas/labytall/artisan(36): Illuminate\Foundation\Console\Kernel->handle(Object(Symfony\Component\Console\Input\ArgvInput), Object(Symfony\Component\Console\Output\ConsoleOutput))
#18 {main}  
[2017-03-02 21:55:29] local.ERROR: exception 'ReflectionException' with message 'Class App\Http\Controllers\Docente\usuarioController does not exist' in /home/brojas/labytall/vendor/laravel/framework/src/Illuminate/Container/Container.php:734
Stack trace:
#0 /home/brojas/labytall/vendor/laravel/framework/src/Illuminate/Container/Container.php(734): ReflectionClass->__construct('App\Http\Contro...')
#1 /home/brojas/labytall/vendor/laravel/framework/src/Illuminate/Container/Container.php(629): Illuminate\Container\Container->build('App\Http\Contro...', Array)
#2 /home/brojas/labytall/vendor/laravel/framework/src/Illuminate/Foundation/Application.php(697): Illuminate\Container\Container->make('App\Http\Contro...', Array)
#3 /home/brojas/labytall/vendor/laravel/framework/src/Illuminate/Foundation/Console/RouteListCommand.php(165): Illuminate\Foundation\Application->make('App\Http\Contro...')
#4 /home/brojas/labytall/vendor/laravel/framework/src/Illuminate/Foundation/Console/RouteListCommand.php(146): Illuminate\Foundation\Console\RouteListCommand->getControllerMiddleware('App\Http\Contro...')
#5 /home/brojas/labytall/vendor/laravel/framework/src/Illuminate/Foundation/Console/RouteListCommand.php(118): Illuminate\Foundation\Console\RouteListCommand->getMiddleware(Object(Illuminate\Routing\Route))
#6 /home/brojas/labytall/vendor/laravel/framework/src/Illuminate/Foundation/Console/RouteListCommand.php(88): Illuminate\Foundation\Console\RouteListCommand->getRouteInformation(Object(Illuminate\Routing\Route))
#7 /home/brojas/labytall/vendor/laravel/framework/src/Illuminate/Foundation/Console/RouteListCommand.php(75): Illuminate\Foundation\Console\RouteListCommand->getRoutes()
#8 [internal function]: Illuminate\Foundation\Console\RouteListCommand->fire()
#9 /home/brojas/labytall/vendor/laravel/framework/src/Illuminate/Container/Container.php(507): call_user_func_array(Array, Array)
#10 /home/brojas/labytall/vendor/laravel/framework/src/Illuminate/Console/Command.php(169): Illuminate\Container\Container->call(Array)
#11 /home/brojas/labytall/vendor/symfony/console/Command/Command.php(256): Illuminate\Console\Command->execute(Object(Symfony\Component\Console\Input\ArgvInput), Object(Symfony\Component\Console\Output\ConsoleOutput))
#12 /home/brojas/labytall/vendor/laravel/framework/src/Illuminate/Console/Command.php(155): Symfony\Component\Console\Command\Command->run(Object(Symfony\Component\Console\Input\ArgvInput), Object(Symfony\Component\Console\Output\ConsoleOutput))
#13 /home/brojas/labytall/vendor/symfony/console/Application.php(794): Illuminate\Console\Command->run(Object(Symfony\Component\Console\Input\ArgvInput), Object(Symfony\Component\Console\Output\ConsoleOutput))
#14 /home/brojas/labytall/vendor/symfony/console/Application.php(186): Symfony\Component\Console\Application->doRunCommand(Object(Illuminate\Foundation\Console\RouteListCommand), Object(Symfony\Component\Console\Input\ArgvInput), Object(Symfony\Component\Console\Output\ConsoleOutput))
#15 /home/brojas/labytall/vendor/symfony/console/Application.php(117): Symfony\Component\Console\Application->doRun(Object(Symfony\Component\Console\Input\ArgvInput), Object(Symfony\Component\Console\Output\ConsoleOutput))
#16 /home/brojas/labytall/vendor/laravel/framework/src/Illuminate/Foundation/Console/Kernel.php(107): Symfony\Component\Console\Application->run(Object(Symfony\Component\Console\Input\ArgvInput), Object(Symfony\Component\Console\Output\ConsoleOutput))
#17 /home/brojas/labytall/artisan(36): Illuminate\Foundation\Console\Kernel->handle(Object(Symfony\Component\Console\Input\ArgvInput), Object(Symfony\Component\Console\Output\ConsoleOutput))
#18 {main}  
[2017-03-02 21:55:45] local.ERROR: exception 'ReflectionException' with message 'Class App\Http\Controllers\Docente\rolController does not exist' in /home/brojas/labytall/vendor/laravel/framework/src/Illuminate/Container/Container.php:734
Stack trace:
#0 /home/brojas/labytall/vendor/laravel/framework/src/Illuminate/Container/Container.php(734): ReflectionClass->__construct('App\Http\Contro...')
#1 /home/brojas/labytall/vendor/laravel/framework/src/Illuminate/Container/Container.php(629): Illuminate\Container\Container->build('App\Http\Contro...', Array)
#2 /home/brojas/labytall/vendor/laravel/framework/src/Illuminate/Foundation/Application.php(697): Illuminate\Container\Container->make('App\Http\Contro...', Array)
#3 /home/brojas/labytall/vendor/laravel/framework/src/Illuminate/Foundation/Console/RouteListCommand.php(165): Illuminate\Foundation\Application->make('App\Http\Contro...')
#4 /home/brojas/labytall/vendor/laravel/framework/src/Illuminate/Foundation/Console/RouteListCommand.php(146): Illuminate\Foundation\Console\RouteListCommand->getControllerMiddleware('App\Http\Contro...')
#5 /home/brojas/labytall/vendor/laravel/framework/src/Illuminate/Foundation/Console/RouteListCommand.php(118): Illuminate\Foundation\Console\RouteListCommand->getMiddleware(Object(Illuminate\Routing\Route))
#6 /home/brojas/labytall/vendor/laravel/framework/src/Illuminate/Foundation/Console/RouteListCommand.php(88): Illuminate\Foundation\Console\RouteListCommand->getRouteInformation(Object(Illuminate\Routing\Route))
#7 /home/brojas/labytall/vendor/laravel/framework/src/Illuminate/Foundation/Console/RouteListCommand.php(75): Illuminate\Foundation\Console\RouteListCommand->getRoutes()
#8 [internal function]: Illuminate\Foundation\Console\RouteListCommand->fire()
#9 /home/brojas/labytall/vendor/laravel/framework/src/Illuminate/Container/Container.php(507): call_user_func_array(Array, Array)
#10 /home/brojas/labytall/vendor/laravel/framework/src/Illuminate/Console/Command.php(169): Illuminate\Container\Container->call(Array)
#11 /home/brojas/labytall/vendor/symfony/console/Command/Command.php(256): Illuminate\Console\Command->execute(Object(Symfony\Component\Console\Input\ArgvInput), Object(Symfony\Component\Console\Output\ConsoleOutput))
#12 /home/brojas/labytall/vendor/laravel/framework/src/Illuminate/Console/Command.php(155): Symfony\Component\Console\Command\Command->run(Object(Symfony\Component\Console\Input\ArgvInput), Object(Symfony\Component\Console\Output\ConsoleOutput))
#13 /home/brojas/labytall/vendor/symfony/console/Application.php(794): Illuminate\Console\Command->run(Object(Symfony\Component\Console\Input\ArgvInput), Object(Symfony\Component\Console\Output\ConsoleOutput))
#14 /home/brojas/labytall/vendor/symfony/console/Application.php(186): Symfony\Component\Console\Application->doRunCommand(Object(Illuminate\Foundation\Console\RouteListCommand), Object(Symfony\Component\Console\Input\ArgvInput), Object(Symfony\Component\Console\Output\ConsoleOutput))
#15 /home/brojas/labytall/vendor/symfony/console/Application.php(117): Symfony\Component\Console\Application->doRun(Object(Symfony\Component\Console\Input\ArgvInput), Object(Symfony\Component\Console\Output\ConsoleOutput))
#16 /home/brojas/labytall/vendor/laravel/framework/src/Illuminate/Foundation/Console/Kernel.php(107): Symfony\Component\Console\Application->run(Object(Symfony\Component\Console\Input\ArgvInput), Object(Symfony\Component\Console\Output\ConsoleOutput))
#17 /home/brojas/labytall/artisan(36): Illuminate\Foundation\Console\Kernel->handle(Object(Symfony\Component\Console\Input\ArgvInput), Object(Symfony\Component\Console\Output\ConsoleOutput))
#18 {main}  
[2017-03-02 21:55:46] local.ERROR: exception 'ReflectionException' with message 'Class App\Http\Controllers\Docente\rolController does not exist' in /home/brojas/labytall/vendor/laravel/framework/src/Illuminate/Container/Container.php:734
Stack trace:
#0 /home/brojas/labytall/vendor/laravel/framework/src/Illuminate/Container/Container.php(734): ReflectionClass->__construct('App\Http\Contro...')
#1 /home/brojas/labytall/vendor/laravel/framework/src/Illuminate/Container/Container.php(629): Illuminate\Container\Container->build('App\Http\Contro...', Array)
#2 /home/brojas/labytall/vendor/laravel/framework/src/Illuminate/Foundation/Application.php(697): Illuminate\Container\Container->make('App\Http\Contro...', Array)
#3 /home/brojas/labytall/vendor/laravel/framework/src/Illuminate/Foundation/Console/RouteListCommand.php(165): Illuminate\Foundation\Application->make('App\Http\Contro...')
#4 /home/brojas/labytall/vendor/laravel/framework/src/Illuminate/Foundation/Console/RouteListCommand.php(146): Illuminate\Foundation\Console\RouteListCommand->getControllerMiddleware('App\Http\Contro...')
#5 /home/brojas/labytall/vendor/laravel/framework/src/Illuminate/Foundation/Console/RouteListCommand.php(118): Illuminate\Foundation\Console\RouteListCommand->getMiddleware(Object(Illuminate\Routing\Route))
#6 /home/brojas/labytall/vendor/laravel/framework/src/Illuminate/Foundation/Console/RouteListCommand.php(88): Illuminate\Foundation\Console\RouteListCommand->getRouteInformation(Object(Illuminate\Routing\Route))
#7 /home/brojas/labytall/vendor/laravel/framework/src/Illuminate/Foundation/Console/RouteListCommand.php(75): Illuminate\Foundation\Console\RouteListCommand->getRoutes()
#8 [internal function]: Illuminate\Foundation\Console\RouteListCommand->fire()
#9 /home/brojas/labytall/vendor/laravel/framework/src/Illuminate/Container/Container.php(507): call_user_func_array(Array, Array)
#10 /home/brojas/labytall/vendor/laravel/framework/src/Illuminate/Console/Command.php(169): Illuminate\Container\Container->call(Array)
#11 /home/brojas/labytall/vendor/symfony/console/Command/Command.php(256): Illuminate\Console\Command->execute(Object(Symfony\Component\Console\Input\ArgvInput), Object(Symfony\Component\Console\Output\ConsoleOutput))
#12 /home/brojas/labytall/vendor/laravel/framework/src/Illuminate/Console/Command.php(155): Symfony\Component\Console\Command\Command->run(Object(Symfony\Component\Console\Input\ArgvInput), Object(Symfony\Component\Console\Output\ConsoleOutput))
#13 /home/brojas/labytall/vendor/symfony/console/Application.php(794): Illuminate\Console\Command->run(Object(Symfony\Component\Console\Input\ArgvInput), Object(Symfony\Component\Console\Output\ConsoleOutput))
#14 /home/brojas/labytall/vendor/symfony/console/Application.php(186): Symfony\Component\Console\Application->doRunCommand(Object(Illuminate\Foundation\Console\RouteListCommand), Object(Symfony\Component\Console\Input\ArgvInput), Object(Symfony\Component\Console\Output\ConsoleOutput))
#15 /home/brojas/labytall/vendor/symfony/console/Application.php(117): Symfony\Component\Console\Application->doRun(Object(Symfony\Component\Console\Input\ArgvInput), Object(Symfony\Component\Console\Output\ConsoleOutput))
#16 /home/brojas/labytall/vendor/laravel/framework/src/Illuminate/Foundation/Console/Kernel.php(107): Symfony\Component\Console\Application->run(Object(Symfony\Component\Console\Input\ArgvInput), Object(Symfony\Component\Console\Output\ConsoleOutput))
#17 /home/brojas/labytall/artisan(36): Illuminate\Foundation\Console\Kernel->handle(Object(Symfony\Component\Console\Input\ArgvInput), Object(Symfony\Component\Console\Output\ConsoleOutput))
#18 {main}  
[2017-03-02 21:55:55] local.ERROR: exception 'ReflectionException' with message 'Class App\Http\Controllers\Docente\periodoController does not exist' in /home/brojas/labytall/vendor/laravel/framework/src/Illuminate/Container/Container.php:734
Stack trace:
#0 /home/brojas/labytall/vendor/laravel/framework/src/Illuminate/Container/Container.php(734): ReflectionClass->__construct('App\Http\Contro...')
#1 /home/brojas/labytall/vendor/laravel/framework/src/Illuminate/Container/Container.php(629): Illuminate\Container\Container->build('App\Http\Contro...', Array)
#2 /home/brojas/labytall/vendor/laravel/framework/src/Illuminate/Foundation/Application.php(697): Illuminate\Container\Container->make('App\Http\Contro...', Array)
#3 /home/brojas/labytall/vendor/laravel/framework/src/Illuminate/Foundation/Console/RouteListCommand.php(165): Illuminate\Foundation\Application->make('App\Http\Contro...')
#4 /home/brojas/labytall/vendor/laravel/framework/src/Illuminate/Foundation/Console/RouteListCommand.php(146): Illuminate\Foundation\Console\RouteListCommand->getControllerMiddleware('App\Http\Contro...')
#5 /home/brojas/labytall/vendor/laravel/framework/src/Illuminate/Foundation/Console/RouteListCommand.php(118): Illuminate\Foundation\Console\RouteListCommand->getMiddleware(Object(Illuminate\Routing\Route))
#6 /home/brojas/labytall/vendor/laravel/framework/src/Illuminate/Foundation/Console/RouteListCommand.php(88): Illuminate\Foundation\Console\RouteListCommand->getRouteInformation(Object(Illuminate\Routing\Route))
#7 /home/brojas/labytall/vendor/laravel/framework/src/Illuminate/Foundation/Console/RouteListCommand.php(75): Illuminate\Foundation\Console\RouteListCommand->getRoutes()
#8 [internal function]: Illuminate\Foundation\Console\RouteListCommand->fire()
#9 /home/brojas/labytall/vendor/laravel/framework/src/Illuminate/Container/Container.php(507): call_user_func_array(Array, Array)
#10 /home/brojas/labytall/vendor/laravel/framework/src/Illuminate/Console/Command.php(169): Illuminate\Container\Container->call(Array)
#11 /home/brojas/labytall/vendor/symfony/console/Command/Command.php(256): Illuminate\Console\Command->execute(Object(Symfony\Component\Console\Input\ArgvInput), Object(Symfony\Component\Console\Output\ConsoleOutput))
#12 /home/brojas/labytall/vendor/laravel/framework/src/Illuminate/Console/Command.php(155): Symfony\Component\Console\Command\Command->run(Object(Symfony\Component\Console\Input\ArgvInput), Object(Symfony\Component\Console\Output\ConsoleOutput))
#13 /home/brojas/labytall/vendor/symfony/console/Application.php(794): Illuminate\Console\Command->run(Object(Symfony\Component\Console\Input\ArgvInput), Object(Symfony\Component\Console\Output\ConsoleOutput))
#14 /home/brojas/labytall/vendor/symfony/console/Application.php(186): Symfony\Component\Console\Application->doRunCommand(Object(Illuminate\Foundation\Console\RouteListCommand), Object(Symfony\Component\Console\Input\ArgvInput), Object(Symfony\Component\Console\Output\ConsoleOutput))
#15 /home/brojas/labytall/vendor/symfony/console/Application.php(117): Symfony\Component\Console\Application->doRun(Object(Symfony\Component\Console\Input\ArgvInput), Object(Symfony\Component\Console\Output\ConsoleOutput))
#16 /home/brojas/labytall/vendor/laravel/framework/src/Illuminate/Foundation/Console/Kernel.php(107): Symfony\Component\Console\Application->run(Object(Symfony\Component\Console\Input\ArgvInput), Object(Symfony\Component\Console\Output\ConsoleOutput))
#17 /home/brojas/labytall/artisan(36): Illuminate\Foundation\Console\Kernel->handle(Object(Symfony\Component\Console\Input\ArgvInput), Object(Symfony\Component\Console\Output\ConsoleOutput))
#18 {main}  
[2017-03-02 21:56:08] local.ERROR: exception 'ReflectionException' with message 'Class App\Http\Controllers\Ayudante\salaController does not exist' in /home/brojas/labytall/vendor/laravel/framework/src/Illuminate/Container/Container.php:734
Stack trace:
#0 /home/brojas/labytall/vendor/laravel/framework/src/Illuminate/Container/Container.php(734): ReflectionClass->__construct('App\Http\Contro...')
#1 /home/brojas/labytall/vendor/laravel/framework/src/Illuminate/Container/Container.php(629): Illuminate\Container\Container->build('App\Http\Contro...', Array)
#2 /home/brojas/labytall/vendor/laravel/framework/src/Illuminate/Foundation/Application.php(697): Illuminate\Container\Container->make('App\Http\Contro...', Array)
#3 /home/brojas/labytall/vendor/laravel/framework/src/Illuminate/Foundation/Console/RouteListCommand.php(165): Illuminate\Foundation\Application->make('App\Http\Contro...')
#4 /home/brojas/labytall/vendor/laravel/framework/src/Illuminate/Foundation/Console/RouteListCommand.php(146): Illuminate\Foundation\Console\RouteListCommand->getControllerMiddleware('App\Http\Contro...')
#5 /home/brojas/labytall/vendor/laravel/framework/src/Illuminate/Foundation/Console/RouteListCommand.php(118): Illuminate\Foundation\Console\RouteListCommand->getMiddleware(Object(Illuminate\Routing\Route))
#6 /home/brojas/labytall/vendor/laravel/framework/src/Illuminate/Foundation/Console/RouteListCommand.php(88): Illuminate\Foundation\Console\RouteListCommand->getRouteInformation(Object(Illuminate\Routing\Route))
#7 /home/brojas/labytall/vendor/laravel/framework/src/Illuminate/Foundation/Console/RouteListCommand.php(75): Illuminate\Foundation\Console\RouteListCommand->getRoutes()
#8 [internal function]: Illuminate\Foundation\Console\RouteListCommand->fire()
#9 /home/brojas/labytall/vendor/laravel/framework/src/Illuminate/Container/Container.php(507): call_user_func_array(Array, Array)
#10 /home/brojas/labytall/vendor/laravel/framework/src/Illuminate/Console/Command.php(169): Illuminate\Container\Container->call(Array)
#11 /home/brojas/labytall/vendor/symfony/console/Command/Command.php(256): Illuminate\Console\Command->execute(Object(Symfony\Component\Console\Input\ArgvInput), Object(Symfony\Component\Console\Output\ConsoleOutput))
#12 /home/brojas/labytall/vendor/laravel/framework/src/Illuminate/Console/Command.php(155): Symfony\Component\Console\Command\Command->run(Object(Symfony\Component\Console\Input\ArgvInput), Object(Symfony\Component\Console\Output\ConsoleOutput))
#13 /home/brojas/labytall/vendor/symfony/console/Application.php(794): Illuminate\Console\Command->run(Object(Symfony\Component\Console\Input\ArgvInput), Object(Symfony\Component\Console\Output\ConsoleOutput))
#14 /home/brojas/labytall/vendor/symfony/console/Application.php(186): Symfony\Component\Console\Application->doRunCommand(Object(Illuminate\Foundation\Console\RouteListCommand), Object(Symfony\Component\Console\Input\ArgvInput), Object(Symfony\Component\Console\Output\ConsoleOutput))
#15 /home/brojas/labytall/vendor/symfony/console/Application.php(117): Symfony\Component\Console\Application->doRun(Object(Symfony\Component\Console\Input\ArgvInput), Object(Symfony\Component\Console\Output\ConsoleOutput))
#16 /home/brojas/labytall/vendor/laravel/framework/src/Illuminate/Foundation/Console/Kernel.php(107): Symfony\Component\Console\Application->run(Object(Symfony\Component\Console\Input\ArgvInput), Object(Symfony\Component\Console\Output\ConsoleOutput))
#17 /home/brojas/labytall/artisan(36): Illuminate\Foundation\Console\Kernel->handle(Object(Symfony\Component\Console\Input\ArgvInput), Object(Symfony\Component\Console\Output\ConsoleOutput))
#18 {main}  
[2017-03-02 21:56:45] local.ERROR: exception 'ReflectionException' with message 'Class App\Http\Controllers\Ayudante\salaController does not exist' in /home/brojas/labytall/vendor/laravel/framework/src/Illuminate/Container/Container.php:734
Stack trace:
#0 /home/brojas/labytall/vendor/laravel/framework/src/Illuminate/Container/Container.php(734): ReflectionClass->__construct('App\Http\Contro...')
#1 /home/brojas/labytall/vendor/laravel/framework/src/Illuminate/Container/Container.php(629): Illuminate\Container\Container->build('App\Http\Contro...', Array)
#2 /home/brojas/labytall/vendor/laravel/framework/src/Illuminate/Foundation/Application.php(697): Illuminate\Container\Container->make('App\Http\Contro...', Array)
#3 /home/brojas/labytall/vendor/laravel/framework/src/Illuminate/Foundation/Console/RouteListCommand.php(165): Illuminate\Foundation\Application->make('App\Http\Contro...')
#4 /home/brojas/labytall/vendor/laravel/framework/src/Illuminate/Foundation/Console/RouteListCommand.php(146): Illuminate\Foundation\Console\RouteListCommand->getControllerMiddleware('App\Http\Contro...')
#5 /home/brojas/labytall/vendor/laravel/framework/src/Illuminate/Foundation/Console/RouteListCommand.php(118): Illuminate\Foundation\Console\RouteListCommand->getMiddleware(Object(Illuminate\Routing\Route))
#6 /home/brojas/labytall/vendor/laravel/framework/src/Illuminate/Foundation/Console/RouteListCommand.php(88): Illuminate\Foundation\Console\RouteListCommand->getRouteInformation(Object(Illuminate\Routing\Route))
#7 /home/brojas/labytall/vendor/laravel/framework/src/Illuminate/Foundation/Console/RouteListCommand.php(75): Illuminate\Foundation\Console\RouteListCommand->getRoutes()
#8 [internal function]: Illuminate\Foundation\Console\RouteListCommand->fire()
#9 /home/brojas/labytall/vendor/laravel/framework/src/Illuminate/Container/Container.php(507): call_user_func_array(Array, Array)
#10 /home/brojas/labytall/vendor/laravel/framework/src/Illuminate/Console/Command.php(169): Illuminate\Container\Container->call(Array)
#11 /home/brojas/labytall/vendor/symfony/console/Command/Command.php(256): Illuminate\Console\Command->execute(Object(Symfony\Component\Console\Input\ArgvInput), Object(Symfony\Component\Console\Output\ConsoleOutput))
#12 /home/brojas/labytall/vendor/laravel/framework/src/Illuminate/Console/Command.php(155): Symfony\Component\Console\Command\Command->run(Object(Symfony\Component\Console\Input\ArgvInput), Object(Symfony\Component\Console\Output\ConsoleOutput))
#13 /home/brojas/labytall/vendor/symfony/console/Application.php(794): Illuminate\Console\Command->run(Object(Symfony\Component\Console\Input\ArgvInput), Object(Symfony\Component\Console\Output\ConsoleOutput))
#14 /home/brojas/labytall/vendor/symfony/console/Application.php(186): Symfony\Component\Console\Application->doRunCommand(Object(Illuminate\Foundation\Console\RouteListCommand), Object(Symfony\Component\Console\Input\ArgvInput), Object(Symfony\Component\Console\Output\ConsoleOutput))
#15 /home/brojas/labytall/vendor/symfony/console/Application.php(117): Symfony\Component\Console\Application->doRun(Object(Symfony\Component\Console\Input\ArgvInput), Object(Symfony\Component\Console\Output\ConsoleOutput))
#16 /home/brojas/labytall/vendor/laravel/framework/src/Illuminate/Foundation/Console/Kernel.php(107): Symfony\Component\Console\Application->run(Object(Symfony\Component\Console\Input\ArgvInput), Object(Symfony\Component\Console\Output\ConsoleOutput))
#17 /home/brojas/labytall/artisan(36): Illuminate\Foundation\Console\Kernel->handle(Object(Symfony\Component\Console\Input\ArgvInput), Object(Symfony\Component\Console\Output\ConsoleOutput))
#18 {main}  
[2017-03-02 21:57:09] local.ERROR: exception 'ReflectionException' with message 'Class App\Http\Controllers\Alumno\salaController does not exist' in /home/brojas/labytall/vendor/laravel/framework/src/Illuminate/Container/Container.php:734
Stack trace:
#0 /home/brojas/labytall/vendor/laravel/framework/src/Illuminate/Container/Container.php(734): ReflectionClass->__construct('App\Http\Contro...')
#1 /home/brojas/labytall/vendor/laravel/framework/src/Illuminate/Container/Container.php(629): Illuminate\Container\Container->build('App\Http\Contro...', Array)
#2 /home/brojas/labytall/vendor/laravel/framework/src/Illuminate/Foundation/Application.php(697): Illuminate\Container\Container->make('App\Http\Contro...', Array)
#3 /home/brojas/labytall/vendor/laravel/framework/src/Illuminate/Foundation/Console/RouteListCommand.php(165): Illuminate\Foundation\Application->make('App\Http\Contro...')
#4 /home/brojas/labytall/vendor/laravel/framework/src/Illuminate/Foundation/Console/RouteListCommand.php(146): Illuminate\Foundation\Console\RouteListCommand->getControllerMiddleware('App\Http\Contro...')
#5 /home/brojas/labytall/vendor/laravel/framework/src/Illuminate/Foundation/Console/RouteListCommand.php(118): Illuminate\Foundation\Console\RouteListCommand->getMiddleware(Object(Illuminate\Routing\Route))
#6 /home/brojas/labytall/vendor/laravel/framework/src/Illuminate/Foundation/Console/RouteListCommand.php(88): Illuminate\Foundation\Console\RouteListCommand->getRouteInformation(Object(Illuminate\Routing\Route))
#7 /home/brojas/labytall/vendor/laravel/framework/src/Illuminate/Foundation/Console/RouteListCommand.php(75): Illuminate\Foundation\Console\RouteListCommand->getRoutes()
#8 [internal function]: Illuminate\Foundation\Console\RouteListCommand->fire()
#9 /home/brojas/labytall/vendor/laravel/framework/src/Illuminate/Container/Container.php(507): call_user_func_array(Array, Array)
#10 /home/brojas/labytall/vendor/laravel/framework/src/Illuminate/Console/Command.php(169): Illuminate\Container\Container->call(Array)
#11 /home/brojas/labytall/vendor/symfony/console/Command/Command.php(256): Illuminate\Console\Command->execute(Object(Symfony\Component\Console\Input\ArgvInput), Object(Symfony\Component\Console\Output\ConsoleOutput))
#12 /home/brojas/labytall/vendor/laravel/framework/src/Illuminate/Console/Command.php(155): Symfony\Component\Console\Command\Command->run(Object(Symfony\Component\Console\Input\ArgvInput), Object(Symfony\Component\Console\Output\ConsoleOutput))
#13 /home/brojas/labytall/vendor/symfony/console/Application.php(794): Illuminate\Console\Command->run(Object(Symfony\Component\Console\Input\ArgvInput), Object(Symfony\Component\Console\Output\ConsoleOutput))
#14 /home/brojas/labytall/vendor/symfony/console/Application.php(186): Symfony\Component\Console\Application->doRunCommand(Object(Illuminate\Foundation\Console\RouteListCommand), Object(Symfony\Component\Console\Input\ArgvInput), Object(Symfony\Component\Console\Output\ConsoleOutput))
#15 /home/brojas/labytall/vendor/symfony/console/Application.php(117): Symfony\Component\Console\Application->doRun(Object(Symfony\Component\Console\Input\ArgvInput), Object(Symfony\Component\Console\Output\ConsoleOutput))
#16 /home/brojas/labytall/vendor/laravel/framework/src/Illuminate/Foundation/Console/Kernel.php(107): Symfony\Component\Console\Application->run(Object(Symfony\Component\Console\Input\ArgvInput), Object(Symfony\Component\Console\Output\ConsoleOutput))
#17 /home/brojas/labytall/artisan(36): Illuminate\Foundation\Console\Kernel->handle(Object(Symfony\Component\Console\Input\ArgvInput), Object(Symfony\Component\Console\Output\ConsoleOutput))
#18 {main}  
